<?xml version="1.0" encoding="UTF-8"?>
<!-- Generated by org.testng.reporters.JUnitReportReporter -->
<testsuite hostname="LTIN511660" failures="0" tests="1" name="testCases.TC_002_LanguageExtraction" time="23.579" errors="0" timestamp="2024-11-03T15:22:13 IST" skipped="0">
  <testcase classname="testCases.TC_002_LanguageExtraction" name="selectingLanguages" time="23.579"/>
</testsuite> <!-- testCases.TC_002_LanguageExtraction -->
