<?xml version="1.0" encoding="UTF-8"?>
<!-- Generated by org.testng.reporters.JUnitReportReporter -->
<testsuite hostname="LTIN511660" failures="0" tests="1" name="testCases.TC_004_Cousera" time="3.553" errors="0" timestamp="2024-11-03T15:22:13 IST" skipped="0">
  <testcase classname="testCases.TC_004_Cousera" name="openCousera" time="3.553"/>
</testsuite> <!-- testCases.TC_004_Cousera -->
