<?xml version="1.0" encoding="UTF-8"?>
<!-- Generated by org.testng.reporters.JUnitReportReporter -->
<testsuite hostname="LTIN511660" failures="0" tests="1" name="testCases.TC_001_SearchingForWebDevolpment" time="15.331" errors="0" timestamp="2024-11-04T09:50:43 IST" skipped="0">
  <testcase classname="testCases.TC_001_SearchingForWebDevolpment" name="SearchForWebDevelopmentCourses" time="15.331"/>
</testsuite> <!-- testCases.TC_001_SearchingForWebDevolpment -->
