<?xml version="1.0" encoding="UTF-8"?>
<!-- Generated by org.testng.reporters.JUnitReportReporter -->
<testsuite hostname="LTIN511660" failures="0" tests="1" name="testCases.TC_003_FormFilling" time="45.417" errors="0" timestamp="2024-11-04T09:50:43 IST" skipped="0">
  <testcase classname="testCases.TC_003_FormFilling" name="formFilling" time="45.417"/>
</testsuite> <!-- testCases.TC_003_FormFilling -->
