<?xml version="1.0" encoding="UTF-8"?>
<!-- Generated by org.testng.reporters.JUnitReportReporter -->
<testsuite hostname="LTIN511660" failures="0" tests="1" name="testCases.TC_002_LanguageExtraction" time="16.748" errors="0" timestamp="2024-11-04T09:50:43 IST" skipped="0">
  <testcase classname="testCases.TC_002_LanguageExtraction" name="selectingLanguages" time="16.748"/>
</testsuite> <!-- testCases.TC_002_LanguageExtraction -->
